25 0 184 164 7 294 162 260 285 156 96 174 239 282 3 170 48 101 131 98 223 55 71 126 272 84
28 167 296 249 159 127 15 63 79 245 230 128 146 254 121 117 195 89 90 235 201 205 292 141 206 279 94 169 274
25 168 41 212 148 276 227 56 38 213 224 284 185 82 111 73 42 119 112 242 145 297 231 262 240 49
27 180 85 203 95 225 187 57 200 232 188 29 40 241 26 207 197 237 76 25 35 78 104 155 154 229 208 149
23 216 88 259 136 290 198 226 21 28 217 271 61 160 23 6 83 124 238 31 106 288 97 1
25 34 275 103 24 13 218 18 19 129 91 39 204 68 11 147 283 10 16 196 17 120 186 143 77 211
22 108 75 246 133 150 273 113 277 102 202 295 209 22 269 70 5 20 265 176 251 256 173
21 54 80 210 92 74 60 166 214 244 236 177 93 118 139 255 51 152 215 233 178 52
20 116 72 286 62 137 107 267 53 32 222 64 158 191 163 287 248 266 67 30 270
17 87 8 299 220 58 144 281 14 50 298 114 138 181 12 252 47 135
14 99 4 161 105 125 172 122 268 27 140 81 219 59 37
13 110 134 193 171 44 157 243 190 45 250 182 43 194
9 263 261 86 253 291 264 192 100 228
5 258 199 289 280 69
4 109 115 142 46
0
0
0
0
0
0
0
0
0
0
0
0
0
0
0
0
0
0
0 
0
0
0
0
0
0
0
0
0
0
0
0
0
0
0
0
0
0
0
0
0
0
0
0
0
0
0
0
0
0
0
0
0
0
0
0
0
0
0
0
0
0
0
0
0
0
0
0
0
0
0
0
0
0
0
0
0
0
0
0
0
0
0
0
0
0
