6 299 298 297 293 274 183 
6 296 295 292 288 278 175 
6 294 291 289 279 270 257 
6 290 287 280 272 247 2 
9 286 285 284 283 266 262 240 211 165 
7 282 269 265 256 208 149 132 
8 281 271 264 252 233 178 169 130 
6 277 268 255 251 189 151 
8 276 273 267 258 250 231 194 173 
9 275 263 261 254 253 248 242 229 153 
9 260 245 244 243 238 228 186 135 84 
8 259 241 237 235 223 215 143 77 
8 249 246 239 236 219 206 94 52 
8 232 222 209 205 192 126 123 9 
8 230 217 207 201 196 176 97 49 
8 227 226 214 202 199 182 120 69 
10 225 224 204 197 190 181 154 47 46 1 
7 220 218 213 195 155 100 37 
6 212 210 200 191 152 71 
9 203 198 188 185 177 147 145 17 30 
5 193 187 174 170 142 
4 184 172 163 141 
6 171 166 160 139 115 67 
7 168 162 158 140 138 106 66 
5 164 161 157 131 104 
6 159 156 146 124 78 43 
7 150 129 128 122 119 112 59 
6 148 144 121 118 98 55 
8 137 125 117 114 93 81 51 12 
6 136 113 111 109 101 31 
5 134 107 102 90 45 
6 133 105 96 89 83 20 
5 127 91 86 76 35 
6 110 95 82 73 70 16 
7 108 92 79 68 48 5 10 
5 103 74 64 61 42 
6 99 80 63 53 50 25 
7 88 62 60 40 27 22 6 
8 87 72 58 57 39 28 26 23 
6 85 56 44 32 14 11 
4 75 38 29 3 
3 41 24 21 
2 34 19 
2 18 15 
1 13 
1 8 
1 7 
1 4 
1 216 
1 180 
2 167 0 
1 116 
1 54 
0 
0 
0 
0 
0 
0 
0 
0 
0 
0 
0 
0 
0 
0 
0 
0 
0 
0 
0 
0 
0 
0 
0 
0 
0 
0 
0 
0 
0 
0 
0 
0 
0 
0 
0 
0 
0 
0 
0 
0 
0 
0 
0 
0 
0 
0 
0 
