21 2735 1335 6663 4143 6916 6228 5868 1866 741 6658 7114 2718 5284 3242 6153 7992 5057 611 4490 7953 
30 6689 6466 3549 8962 7109 8274 9180 4643 715 1407 1248 6163 6932 3811 9611 6764 7788 7651 3570 5427 1395 8966 6104 2933 3198 995 5138 5545 6505 
30 3090 7429 7499 5716 7401 622 4214 1066 1273 271 4693 3170 1803 7483 1885 7449 2903 5850 5951 9342 8972 8900 3492 6968 8684 3899 5230 5499 8375 
11 1209 7928 4307 6381 9563 7028 9052 2784 3608 5352 
23 5018 8878 580 7846 9190 5006 823 6475 6662 2314 2368 3086 2088 2394 7566 9793 8036 1425 603 3558 5842 1452 
18 9313 2356 4637 2559 585 5424 2313 7455 1353 9670 864 1651 1421 8088 8397 7304 4817 
15 2519 7957 474 4842 1560 7329 8728 4546 6558 318 313 3936 7813 9921 
26 549 6541 1724 7862 3119 6669 7014 4406 5042 7849 5180 1182 4629 4898 974 1152 2493 3642 3587 9296 4745 5889 9067 390 6991 
22 4525 8773 7940 6352 1967 9043 1501 1448 614 7396 6431 1011 312 3244 3609 1824 7744 7261 9756 1064 2704 
33 5934 4618 8758 3430 7709 9527 219 1693 9353 9246 709 2076 751 6089 8307 5999 4893 3290 7351 2875 5372 7294 4210 4191 1107 2692 294 4460 5625 4901 2243 2750 
26 4679 1949 3565 5170 3759 8348 5250 7065 5317 1533 7292 771 2047 9279 149 1116 3273 9434 5741 8633 1698 8267 6606 6715 7489 
39 88 5497 187 6198 4058 7929 6199 7140 6493 8406 6849 5034 113 1838 7379 4965 4714 1531 4343 4357 4009 6674 2279 7385 1780 4582 94 7974 8153 420 3125 9467 8626 5364 759 6461 4350 1360 
25 2465 3307 2135 5769 6039 7926 8228 2808 2438 683 9408 2495 434 6146 613 9798 8132 5897 3681 4473 9850 1404 1576 2457 
34 519 1776 8950 8489 5304 567 2917 2695 9402 7471 3294 9951 3249 2904 3029 7282 8189 607 3215 7043 1561 6251 7653 5416 9524 2825 1936 31 2007 3185 4760 6944 2318 
25 4309 9325 7965 2432 9679 8520 8086 8459 7398 3067 961 6418 3368 6454 4016 6425 1735 364 9750 1262 3792 3884 707 4023 
7 5970 672 6031 7097 1817 4476 
35 5324 713 2986 7799 6724 2944 9636 493 4815 2320 2061 6480 8237 4930 5582 7718 6733 8498 9318 3247 2400 8905 3186 7022 5916 123 1419 8818 2985 6136 8221 6761 8716 3679 
18 4839 6277 1543 677 6695 3743 606 3607 8204 489 7108 7113 4853 2541 8753 5410 3665 
22 719 1977 6956 2635 2738 7643 5619 9130 2769 3305 4211 541 1218 2923 5804 2732 5832 2851 6520 556 2070 
18 423 4008 2720 1135 9231 2654 8051 4454 6267 6773 1877 54 2361 1662 587 1809 6191 
43 5335 8175 5445 2247 3555 9291 2316 3276 7993 6740 5377 3865 3403 6307 6357 782 419 8020 708 442 5724 8904 5730 4457 9480 3152 3843 1781 9783 4030 8061 5924 1881 6074 9591 5989 3447 8156 2257 2521 5438 6693 
42 4758 3817 2576 2941 5299 3371 4687 1113 3168 4635 4387 1013 166 7840 7665 1365 9132 7883 9799 3462 6987 4888 6605 5329 2033 9103 1383 7939 3594 4773 3506 3237 3099 5288 9605 324 1333 7382 2816 4600 1892 
23 3580 8102 3655 8731 6877 1489 9267 9890 6786 3138 8637 8715 3291 1416 2966 2534 2046 299 8790 1258 3730 994 
25 6252 984 3697 9556 326 8224 8486 4123 3315 3829 3613 6429 8533 4188 8621 9074 8109 3165 6760 9257 8048 6158 8908 562 
22 1867 9675 8395 920 4742 6780 157 9207 7889 5237 6952 3575 2975 4056 4428 6327 7347 2486 3809 3310 5629 
10 6822 7070 8840 8420 5649 3475 1860 5457 1048 
8 1178 1111 9604 4958 9487 9920 5885 
4 8890 1411 6801 
18 3055 8477 9121 6793 1331 21 2065 3171 4856 4612 2219 3427 3059 1699 1327 3153 2363 
34 6002 4855 4059 5300 9550 3468 8324 596 1369 4327 8030 6446 2118 9874 5039 6000 8624 4400 4565 1342 5326 3515 644 3019 1906 1643 9568 6177 2868 7603 4192 5127 3080 
25 8292 9449 2031 7435 2036 1352 5779 7466 8029 2209 6888 8159 4992 4982 8881 1610 6289 1678 9739 3243 4000 8998 9601 1680 
25 7475 5086 1315 268 9084 6654 2774 8736 7088 7561 5971 6580 1686 5156 5511 3116 867 3753 9496 278 7505 1239 7047 4438 
19 5235 3988 5341 3692 6815 9733 8559 3471 9852 726 4071 1524 9633 5054 9345 9845 3770 2324 
36 9409 2883 7956 117 5161 8509 3025 9685 6656 9820 9976 8629 1260 2589 4450 1879 2240 4003 8383 7769 2756 3356 2796 2189 8475 6495 2666 281 2650 1703 3359 3771 304 9891 5718 
30 2920 2015 211 881 8542 7372 6896 2455 9810 4029 6619 3285 8638 1671 5482 7521 919 2096 748 4633 8515 2301 3172 796 5274 3026 7112 2770 1210 
28 4094 1097 5860 273 769 3167 8564 6044 789 7314 1640 8902 951 4384 3354 9089 2745 4787 8440 1959 5864 5419 8050 2226 2860 798 1744 
12 3629 1305 8670 9579 6363 3604 3766 8971 7184 3020 6349 
18 9752 3869 311 5954 3451 4497 6741 6034 4064 4871 9187 8244 6460 2945 953 1382 2325 
42 6670 29 3149 1815 9698 3564 9305 7141 6412 5343 3005 6164 8040 1863 2642 1784 8761 7275 2132 1179 3062 2557 3139 8692 5452 5708 3930 3432 8511 5068 8315 1960 5258 9308 9174 7577 6545 4332 7834 7375 9069 
17 1757 7952 3030 6767 6901 6900 7186 8739 109 6420 8554 5112 9681 6842 6155 5480 
38 5440 6961 8675 4601 4346 6783 9020 3546 9003 3855 7229 6269 1674 8346 4794 8521 6053 8614 4940 1324 1913 4150 9322 7205 1255 9949 6416 7340 3387 3081 3504 171 3399 2823 8082 5325 6112 
21 9514 222 2571 2008 4788 1227 658 9864 3338 8323 7546 3261 8871 3846 4638 7662 2693 1435 917 30 
10 563 8973 560 4481 2187 8303 446 12 9753 
12 7657 4494 4894 7227 7671 8810 6230 5623 4697 3383 7059 
18 8708 4435 9619 9626 8698 6263 9649 7013 8394 4517 5544 1878 9794 1726 1909 3626 2492 
31 9847 9283 9581 2327 3457 6843 666 2184 9018 1443 2335 3079 1982 670 9039 8366 8525 1171 4459 2139 8140 6759 8907 3098 9307 5775 8925 9432 4040 3012 
12 9913 502 846 1634 267 2831 5267 3439 3760 3246 7590 
28 4078 3444 700 4066 4536 1438 3239 1406 1852 6457 5213 6404 9137 2123 2425 2212 3330 5450 4589 265 6315 259 623 226 6358 3184 5788 
27 8310 9888 1005 9979 957 5693 5027 1323 3176 2942 4537 6473 8823 3512 6173 4828 5050 1282 2997 4317 1706 3656 5935 1153 4277 6997 
22 303 7040 8703 4495 8179 1414 7687 5381 1625 3358 8345 9854 333 5490 3265 8090 3858 859 1244 7606 5456 
6 1138 7399 3281 7911 7468 
33 9707 9216 6649 5402 372 6361 3918 1609 3236 8209 8435 874 513 6634 977 1835 2857 4101 8562 8928 4453 559 7866 4164 9539 3145 1670 2269 262 9203 4741 7593 
26 7861 7913 5359 849 6927 3531 2333 6279 9980 7770 3754 4566 680 8344 654 5681 2218 6180 9124 3658 5707 1216 9099 7100 3820 
14 5192 1888 61 9901 6160 7948 712 6464 5095 7402 3819 9759 3631 
26 7463 3578 5679 5913 8981 2192 4584 1289 7354 6709 8738 6443 4110 9727 6640 1049 8358 534 6992 3484 4925 5597 3562 8744 8163 
25 3696 5858 4063 5564 6056 1177 2173 2766 5353 5101 6951 4870 9170 8513 153 87 2392 2283 4753 5175 9599 5896 8607 2671 
34 4377 8518 734 4948 9503 6450 8713 7574 5887 1252 5748 6270 9458 4285 3566 9647 1308 800 9080 6810 4398 2980 7925 3979 3312 5475 1292 9271 289 8452 3337 5508 1202 
33 2949 4379 1993 1269 1773 409 5626 1792 8989 6647 9702 9105 5031 255 4433 2768 2004 9017 2753 6528 1083 806 143 7369 4444 7708 5568 6411 1788 828 8641 9971 
20 3442 6831 2020 7640 554 5902 1528 3049 4882 3321 9021 1548 4509 1187 831 9391 7615 4338 4683 
14 6403 5756 5678 6380 9628 2075 3773 7812 777 9062 5810 2561 641 
21 3156 7119 7293 6912 3986 8110 9229 2343 124 2496 5556 5607 4118 4492 3703 1720 3762 5524 5493 9404 
9 2384 3767 6382 532 389 5272 6889 7182 
21 9393 24 3103 2912 3253 5245 3311 4648 3409 7637 5535 5818 3579 3602 529 7737 2434 8164 2799 993 
8 1515 1040 6485 7711 1192 8231 8969 
18 1992 297 3647 7194 7832 2003 9667 6632 2500 7954 5051 7964 7888 5159 1976 1823 4799 
29 6807 8640 7877 6965 4090 3640 8699 8213 2742 1689 2791 7102 2741 9012 2250 4352 7153 6174 9399 340 6028 5770 2518 5762 868 5414 4308 5331 
16 375 8342 19 7716 5384 2168 7095 3926 4926 5731 9942 6045 3369 6701 9119 
25 8329 1105 208 982 3993 4084 3905 7301 3345 9482 9225 1762 5099 7137 4573 2469 5229 3595 2188 8006 5930 6489 9398 2795 
40 84 445 1833 610 1332 9140 9985 9011 2731 8681 9158 7386 3802 7209 6615 2375 9222 6179 3799 1523 7148 4312 4550 1291 7216 9955 1283 9653 625 2002 5784 5454 79 1086 242 5637 4700 8216 231 
15 6706 3654 9392 3331 105 3507 3864 9600 4922 3240 5753 7044 6955 4133 
16 5717 7318 2176 6274 6082 9849 3206 1935 221 7202 7996 5876 3218 60 7311 
31 768 8458 2507 5654 1804 7230 9562 4410 5500 7686 3414 2429 5491 8843 720 2011 5385 9872 518 6036 2308 7003 8248 6050 5030 7295 8165 1095 2595 9960 
24 2869 4829 5815 4119 3155 9379 8540 7588 9919 851 8927 158 9500 9911 167 8423 6954 9898 6250 70 4041 8279 1645 
15 6115 9523 1664 4098 1978 5991 3536 5687 8500 9438 7221 163 8891 1542 
10 568 6633 6456 7891 7373 4233 950 9109 3990 
27 55 583 5598 2828 3245 7020 7346 6904 5041 1882 7817 3701 6589 2406 8476 4738 6696 7089 3084 7358 9746 2830 9193 4813 5047 6918 
22 3693 8587 1512 6913 4984 1272 2937 8882 3721 9492 5699 9186 101 5936 4808 5339 7955 2287 1290 1958 2252 
13 5406 1563 3325 6818 3906 8111 2533 6086 8340 3028 1093 9638 
15 6321 1325 40 5805 6103 1622 2894 3911 5918 1356 4054 662 5435 8463 
15 8184 9763 9843 3876 2873 7753 8162 2073 4057 108 8939 9517 5065 1254 
22 6424 7064 7156 5808 739 1874 7534 4415 5621 3968 7599 9221 9964 5223 1351 2409 7831 8349 9993 2628 1156 
19 8578 2480 9341 6567 6548 3300 2552 7842 2978 3977 4997 4751 1157 7767 7904 8802 5937 8503 
32 9411 5222 190 9473 8783 7198 2512 2915 206 482 3148 9138 39 3496 4024 5004 9469 6184 9889 9725 3568 7547 2733 4234 6886 3195 7765 6995 6207 932 7624 
30 2278 394 1194 6189 4867 7631 1010 9485 5690 6159 9678 5369 9297 4645 137 4944 3645 6413 5135 3650 1623 7545 4498 1798 404 4488 4022 8606 3322 
10 2418 1 7068 9648 2307 3132 7918 3254 9217 
17 4586 3333 6745 4017 5553 6397 6432 4218 8625 1641 1366 5923 1514 6246 6492 1837 
3 4644 3539 
12 6694 6502 8787 8302 7210 8967 4811 8141 7371 1865 2373 
32 3008 9090 1228 4196 3459 4502 168 9815 601 2293 7380 6630 8079 1660 8617 767 2760 4768 7247 1818 8235 3956 3577 5349 466 637 3670 455 8278 7042 9776 
11 8271 3667 6139 817 9166 2736 6521 8461 9277 4779 
37 6607 9406 2714 5881 8426 5425 69 8848 9182 9735 9833 524 5208 2909 3038 5172 3141 122 9902 1926 2834 9479 5793 7746 1684 9161 3431 4972 6285 6986 5659 6444 270 431 3978 5836 
17 2531 3410 5227 3826 7864 902 4260 8462 7430 6208 8991 209 1947 2023 4170 4802 
23 1794 2603 8149 4583 2538 9191 6752 4208 2783 8464 7092 1973 7854 8946 8126 5242 7855 6535 2182 1526 6700 8100 
33 7188 4475 6150 8784 825 7870 5875 4421 1232 4703 5686 425 1553 5211 4202 8597 1840 256 5389 7397 1786 3684 6564 7500 595 6214 1462 6355 6151 9454 3275 4348 
10 1447 1605 4781 2536 9996 8449 7129 9463 1430 
11 2296 1384 696 7553 2233 6004 9251 589 5979 8572 
17 6529 8484 8965 5382 28 6224 4427 6612 8467 9606 7639 4425 787 1849 4339 5157 
17 1883 1637 3147 5008 9981 230 7857 3299 9278 4075 9049 1129 651 5446 6770 2940 
23 6794 3257 4112 2641 7975 8573 6316 5049 8795 3068 3910 832 8187 7829 7287 5182 2523 8785 2817 3824 5883 8762 
22 3708 3750 4297 3895 2034 2364 7082 7532 2381 9704 2884 4166 8317 8986 4165 4688 7898 926 1174 9131 5596 
10 8227 1582 7981 1696 8777 4303 9764 7723 6477 
24 4877 7320 9768 842 9452 200 435 8786 7810 4720 9680 5374 5298 7492 9135 9800 2095 1871 9963 1956 6384 4553 7024 
38 9046 477 5727 4706 9405 6168 9627 7704 3603 8254 8298 7337 7211 716 544 8504 74 8534 5694 4569 7796 4409 6094 7071 9126 132 6592 6673 2637 2908 1938 3488 1408 4695 325 7002 2658 
27 3527 9347 945 7585 2026 9640 6340 5732 9666 617 2754 4449 3317 8609 9541 3962 9428 850 1886 5026 6600 2491 7524 2408 8594 7946 
20 4873 2297 6910 8918 6856 592 5350 7497 576 3980 1600 9373 1076 2294 966 3520 9120 1663 5647 
25 8630 1492 8932 1630 2838 965 428 8425 9805 5602 245 4291 128 1667 9832 5422 9900 8192 4337 869 7302 5037 343 2993 
23 5218 2424 3596 699 2788 2957 8774 9559 2426 8796 2649 933 3685 5540 3657 9652 4221 5670 2156 4754 7853 1321 
19 1170 8262 5358 1734 5990 2681 7804 6154 5927 2562 5570 2844 1730 1205 1951 6423 2449 9129 
19 5615 2079 3197 5721 2166 761 2511 5366 6762 8990 6283 8416 6905 6515 1085 2953 9439 762 
21 3540 3758 4223 2928 1186 8588 9819 6749 2600 9276 5082 5562 7291 9040 8780 1484 5549 4820 3611 4766 
29 9935 7116 6735 2198 8073 3833 853 369 9804 3623 7176 8872 5976 3818 1035 1375 4579 3878 1953 4155 7107 8186 5671 2097 195 5797 8151 6509 
22 7612 3651 9544 499 8493 8807 7907 4278 7474 6178 3074 3909 2427 3419 4131 7583 5316 5463 9533 8199 5714 
20 8557 9128 8021 8203 4511 6455 4673 4376 1580 5554 7927 498 2288 7519 8611 7052 4795 7163 797 
22 8290 2147 9104 8915 9654 2140 4194 7779 25 7063 8558 3058 5826 1391 5789 5961 3048 3180 3140 327 3525 
12 8024 9974 6924 9691 1002 4154 9075 2570 7967 1702 9644 
18 8711 9232 4939 816 9734 3150 4043 7187 684 1092 1028 8234 6614 6441 1374 8106 4129 
8 6135 7325 362 2488 9253 6943 6365 
21 5387 8158 4414 4467 9754 396 3689 6830 4971 4963 8427 9443 858 3106 7290 648 8078 630 3064 9387 
33 1372 3208 6110 1251 7117 730 8370 448 3830 146 7816 3114 6582 7271 2896 4407 7101 5830 6542 6697 8469 5401 5257 3460 6779 4229 3563 5926 3349 5423 5348 4393 
20 7180 4885 8376 9401 5698 3779 9830 5507 5816 5303 4593 2748 6216 7342 4403 3124 5451 8268 3648 
13 6123 5743 1100 1984 3951 5510 4910 7319 8586 6402 476 3848 
20 6329 1024 2422 9412 8198 5710 1054 8059 9743 7668 3795 2119 4806 8530 6584 2108 5043 4227 1417 
9 5948 2899 4959 3202 5531 9259 7878 4501 
19 8055 328 3024 8574 4717 3292 5532 4092 7411 454 2646 7408 9509 2494 571 9885 4446 4424 
17 6884 1530 7355 3490 5986 2596 3389 9933 3554 4684 5823 201 8341 7476 6193 8837 
30 2357 3104 1869 1527 6206 4405 8536 4326 8243 3105 7915 2362 2397 6268 7256 6331 2052 9333 9234 6945 9245 5078 1748 1486 8723 5176 7800 879 7069 
13 7512 5487 3329 3891 5090 1208 174 2376 6079 9115 8527 7851 
23 5113 6747 5332 2330 1203 3428 7286 5981 7879 7155 7592 8074 6543 1117 4596 5033 429 3551 7121 1851 2202 685 
22 627 1090 7638 3991 8207 1655 6503 3263 3477 7248 47 6360 3947 6806 46 11 2513 3946 7627 4746 959 
31 1593 315 2711 2657 9282 2963 9289 2651 5240 5917 5263 1859 9177 9381 8598 8291 1854 5062 9518 8668 653 4461 2858 6448 5634 4771 1577 5685 2609 2019 
19 2006 2143 368 6378 2684 4074 7175 9688 8846 9086 5277 5346 3256 6310 3001 8275 3662 2786 
25 2436 892 8892 6409 3191 9769 7246 8410 1509 9273 1276 1453 1628 1688 5919 4144 2443 4333 3917 2197 6065 5098 7395 82 
25 3196 4437 6304 530 4848 4225 3193 6684 4805 2924 5548 9741 6253 4201 8399 4378 335 7200 6687 4769 9616 5563 605 2862 
10 7575 3774 1446 3832 3769 8751 7978 2615 8070 
7 8104 9459 2767 2145 1615 2815 
35 5572 5466 3160 5214 1121 5957 8093 8835 6012 7882 657 4953 5608 4426 7488 6068 2213 5092 134 3194 9767 7781 3374 8478 9034 3350 7305 5096 6291 5515 3838 5666 805 5244 
32 7104 7677 5060 481 3426 7867 9071 6066 6902 3915 4441 5279 6681 3159 3499 6140 5005 8354 2617 2895 1032 2091 3235 3661 664 5749 3040 6568 6364 5266 6465 
12 400 9965 248 439 95 5983 301 790 8352 4311 9661 
19 5393 1778 9462 8646 6820 3115 3452 1631 7944 4564 1056 6651 407 5736 1322 4983 1087 7393 
16 7451 5856 9255 2690 4255 6851 6989 1106 7679 2977 8548 23 7359 1377 1708 
23 5744 9851 9274 9078 5205 5996 8447 4666 9944 9100 8791 6985 1676 8160 4035 9701 5519 6176 5715 1027 5190 9673 
19 3384 8792 854 6200 7387 1455 2898 9457 4575 7562 7081 6238 1274 8222 5459 6084 336 845 
15 8566 6377 9471 7170 9516 3934 6330 7268 3002 7803 2196 4484 1579 1277 
31 2106 3849 7768 8803 615 8682 3789 8951 3205 1326 8505 1201 8659 8926 2041 5188 7370 7178 3913 3266 3201 8010 7815 5155 3516 2879 3526 3715 7989 579 
15 1635 4455 1697 4011 2749 6775 5786 971 3000 9413 4812 4757 5599 4047 
14 7357 5189 3396 7255 6474 4207 3366 8155 3073 6744 8819 2365 6860 
30 5746 9306 6875 7876 661 7086 1267 9144 9575 9385 1004 2230 1062 636 938 490 495 9624 6303 9006 2175 5747 9056 8286 1694 8726 2322 170 4790 
32 9595 7428 2539 6296 5347 7787 5285 135 5656 8367 7648 5701 7498 6272 6757 1911 1166 286 4251 3262 2984 8857 4073 5153 4518 866 6386 1990 8139 6935 7083 
22 9087 5517 6192 3129 4507 9925 7139 1606 331 731 4783 2371 9555 944 7349 9639 6258 2821 9545 6011 4203 
30 2520 3572 4661 9602 8832 718 4830 2787 4485 1491 8309 1644 6648 9064 408 9366 9821 2137 3896 6530 7132 5216 8116 1806 8197 5142 1385 3301 7168 
14 3424 4935 9495 6245 5158 6133 5712 3901 8407 8245 694 5102 8565 
18 8277 873 6319 6855 3659 673 2849 2066 855 7054 9786 1183 4215 4785 7426 6314 3860 
28 8979 3461 7406 3510 5295 2382 7096 9263 7579 3227 1071 2386 3085 4978 1850 2341 1819 2757 547 5680 8828 2201 1712 7189 5664 8195 3927 
30 4200 5089 457 2881 3051 8167 5803 1537 6703 1716 9192 640 9908 1519 4970 5878 3509 8749 4902 3385 9967 4541 8012 941 2582 2155 3787 8508 4432 
22 3976 3362 3181 4533 151 6928 9324 7345 1368 7777 2739 7910 8895 205 7032 3543 7303 6295 263 2659 7008 
26 6239 3334 8868 4938 4245 4749 4274 1700 5534 2393 8063 9376 4232 1053 5268 2086 6727 9989 9841 5236 8364 3995 8861 1380 9061 
23 7224 9030 780 1233 7994 4088 6280 1460 1415 645 2885 7383 9708 1096 5618 4448 5940 2914 5388 107 7667 6087 
28 3601 8328 4624 5920 3022 1223 3885 3542 6705 6550 2264 8864 7513 7682 6880 528 1941 4701 1919 1126 7368 4755 5302 7518 5470 690 9811 
26 8978 6756 1206 7924 1873 357 7197 517 1668 4503 8304 8741 121 9791 6506 6278 9861 4534 3189 5595 5010 302 8654 9176 5874 
19 7792 1142 6338 6836 8157 9757 8338 507 6399 2270 7278 4880 6921 7453 4052 4678 7123 710 
6 4184 6410 3614 17 5877 
27 1030 5636 41 7580 1518 3557 8595 3530 2074 9436 1236 9111 3413 1058 503 7053 8124 2643 8567 421 5109 5494 2764 8501 7527 3880 
23 1588 150 2973 6711 4863 9042 6029 85 8560 1098 1433 7732 9302 9419 7971 6372 5980 9372 9732 4375 3324 3134 
20 5890 9320 5025 4665 3989 6186 7934 2751 8992 6006 3344 4263 4647 2481 2298 9650 2487 5988 632 
23 277 2626 4630 2780 2401 8856 6903 9712 4615 244 5844 1884 2910 2856 5219 7990 7264 2728 3688 4778 3713 3346 
17 608 1564 9806 6710 5711 1422 6966 3225 6725 3897 1172 7814 6194 6768 7568 9499 
33 4833 1995 6003 212 2000 1755 3904 2323 5907 5076 7873 5040 115 8177 9185 8958 8721 5333 9822 4152 4265 8013 4672 4620 7469 6014 3010 6368 2625 9736 3857 6390 
17 6804 9813 4080 5829 4048 3635 243 7659 8322 5197 9340 1638 8580 441 5024 5587 
29 9316 3786 6536 4657 2235 2167 4990 7874 120 7558 1464 7312 1937 8481 5610 8935 9762 7339 5577 3392 9332 4578 2433 7378 4540 7310 5811 1691 
10 1363 1986 1955 3866 8747 3083 164 9871 100 
20 3092 3821 2717 6248 2246 6581 2715 3379 4397 7914 8052 5660 9384 3268 7423 2807 7771 8441 1249 
13 697 9869 7226 5477 7085 4587 506 1146 1836 2707 9618 7239 
17 4109 6202 199 1550 6430 8412 5260 4798 6771 1985 4588 3071 9189 4079 2326 836 
16 5771 1908 417 5516 9538 3082 8191 5120 8546 6462 5642 8909 6306 8961 4581 
32 3188 1240 9586 8766 2927 9065 66 3669 4147 4652 5526 8952 5140 3592 6948 3136 8289 7886 5420 5987 5585 2842 410 4116 705 1812 8174 3014 1185 8280 2170 
26 1970 2261 3420 4807 3199 6125 8035 2304 3940 509 7636 6858 514 4543 4359 9548 9583 717 2258 9488 8658 1894 432 7241 9937 
14 2782 3875 3381 305 2388 6682 1763 3996 1373 2872 8893 4570 8523 
19 2566 332 5593 5437 7276 5630 9950 8182 5914 129 7106 7995 9094 4458 5048 5412 7436 5735 
4 9543 9927 5891 
36 6765 9926 7465 7442 3938 7683 1647 3537 2360 3418 1175 7642 9248 3793 2568 9607 5021 2653 3707 4086 9706 7462 985 8778 8060 7786 781 2827 2460 2719 7409 7917 5977 5439 4908 
27 5307 9751 1346 1797 5514 2612 3075 118 9785 3992 5908 1541 3006 4371 2891 1675 9502 6667 4626 6394 9250 7591 393 7315 8363 321 
23 3541 975 5955 2112 4836 8038 2174 8691 5785 2205 883 350 5643 4831 5165 2063 3023 2843 7530 7079 2922 9097 
3 6879 8108 
24 5282 7196 2128 4347 7316 8800 8097 928 9110 5313 8584 4368 227 6835 7582 3280 8417 3274 58 5839 2998 4996 20 
31 5541 2537 3585 4137 8653 4764 4862 8529 3258 1568 5462 6261 1474 880 1075 6813 4340 1162 6637 4707 5512 5203 344 1173 4019 3415 7001 4178 3042 5817 
27 8382 9382 3921 3966 3370 6021 6601 9561 6659 2470 5134 9118 6447 4675 485 4800 1904 6325 6226 3407 6049 4239 5840 1594 7673 3619 
13 3017 3050 2497 9738 6024 7916 6946 127 6597 4824 7757 4135 
21 7249 7446 3066 98 7602 3112 5371 5492 5772 6781 45 746 1329 5956 5542 6388 131 5873 9354 6494 
29 4761 2605 4115 3807 1777 2673 3319 9742 9657 7745 3271 6452 7755 3070 330 1217 7697 1591 5103 7734 6949 9807 4183 5781 7157 4640 7459 7105 
28 1221 533 4686 3453 1311 106 9620 5221 9659 9508 536 546 2906 6504 279 8281 1007 6225 5178 631 2259 6057 8541 706 8372 4759 4399 
9 8351 3816 4558 3840 7464 3955 6347 1832 
9 6255 4228 4869 8128 3732 9033 9576 2355 
15 9744 6128 1465 2338 3502 5291 3624 7267 1123 1787 8788 2131 3128 7731 
19 5017 8434 8085 9464 1587 1386 5799 772 2121 4884 7034 7080 282 189 5984 1814 7006 8027 
9 9631 9252 8821 7167 9218 9958 361 9525 
13 4349 1843 4411 4465 4691 955 6827 5002 7776 3886 2064 2618 
19 565 6220 7172 9549 102 2551 1529 2186 5677 6846 3037 2503 5144 4236 3417 5011 298 1225 
26 6265 7557 6984 6058 6618 2954 6808 2272 1428 907 9292 6970 2535 5872 8400 5249 1714 4238 736 4442 5073 4530 229 8825 9690 
15 1313 1830 5888 6293 1721 8273 7729 4099 3278 7610 5373 4032 103 6578 
18 4980 9045 7572 4826 119 6563 7174 7633 5764 3782 2395 8768 582 388 7966 738 3401 
27 4299 210 856 5892 6222 4532 3974 1297 9837 4470 7933 5992 8039 217 1567 1648 198 9338 2080 49 642 3987 1927 5084 590 8232 
29 8448 4020 7628 5620 3433 9897 8403 7726 8830 2850 7604 689 4044 9998 1624 5080 2454 888 7470 5432 6396 3423 6007 1403 2211 8623 1731 1456 
17 5757 6922 4153 7323 1503 3740 7193 7169 2525 6719 7232 9106 1709 8343 4685 9136 
9 7666 306 2133 7863 5806 1848 4531 5555 
33 9286 956 8285 6392 7236 2916 9710 3879 7364 3842 671 1738 161 3583 5879 2057 5486 9697 4899 6975 862 7062 7743 72 5561 4361 4180 2372 3335 6433 8311 9531 
15 1200 6942 9483 9848 4864 4946 139 3641 8714 8169 2280 7251 5130 1801 
25 4875 35 5662 3970 6336 908 9444 9101 6707 2340 3912 8218 2678 184 5028 4422 6626 6616 2629 1487 7350 6723 5485 7783 
32 839 6645 9199 6196 3532 5777 1355 3102 6346 2404 9882 2621 6231 4777 9917 9375 8645 4903 9157 8362 8242 7893 6318 8704 3241 2083 9826 8080 165 9215 8874 
17 6547 4973 7535 1168 1143 6980 8822 6720 8894 8392 597 8114 5825 2334 2961 392 
20 2399 5212 4920 7554 665 7243 6048 9450 8615 4070 2302 4466 323 9063 9290 4077 2475 5363 9465 
13 284 9705 6538 922 8575 9035 7010 6237 1725 4404 8860 1768 
33 655 2056 7434 9537 6739 8368 159 4007 4613 4872 5627 7749 6839 4636 1572 9155 9028 4262 8772 9415 8084 1661 4284 3214 681 3854 8669 6035 7391 7356 669 6080 
14 6718 8146 3739 6526 5036 8585 2556 1963 5074 4093 6774 9079 4329 
35 4246 2305 5668 3544 6398 7203 6638 4639 531 8058 2105 2547 508 3776 2383 2452 2042 5479 347 4719 7327 5200 8041 5355 5013 8781 3355 9772 4721 8483 2878 7702 2689 7844 
26 9696 3632 4396 4028 6076 5426 1211 8007 2882 7798 1846 6167 1302 819 7328 1337 3464 1957 4212 5551 8468 9782 9309 7825 8865 
8 3200 4050 3411 802 2982 9171 2660 
30 3717 3445 6141 5241 930 7041 5088 9424 8937 8150 527 9884 8101 4358 7502 4276 7897 8886 3889 9553 5141 783 9168 8613 3126 9668 8770 667 5399 
26 7000 8940 8421 2442 2077 4607 1595 4819 1431 8312 7761 6778 1508 4335 3004 4660 3318 1089 940 6792 5269 7219 7192 4931 1658 
24 4482 895 9610 2585 3636 348 9557 9265 9566 1264 5228 5411 4559 9880 6829 6891 2403 4341 3282 7841 8230 5813 6621 
21 9349 412 238 4316 7454 6362 4081 6549 6047 4313 2705 4598 4650 7317 3683 9243 6586 9010 6300 8913 
18 1994 57 2639 6356 3666 1627 5674 2482 9262 2967 8033 5838 4840 6156 1246 8430 8862 
15 3108 4250 9947 6438 4602 942 2981 6181 698 2370 5061 2154 6785 969 
27 8816 8419 7690 2577 292 6244 8667 4957 9242 4293 8916 7573 3765 6223 6106 7265 8294 6229 356 6866 7658 9787 2502 3965 4554 5408 
14 1997 9613 2440 7284 884 6847 5745 5251 2553 3304 7496 4383 6294 
16 2216 1601 5234 4141 7847 1281 6062 1872 7149 7208 9026 6953 740 1690 6234 
14 989 4705 2060 5495 6313 8094 674 5557 9784 6116 9239 2236 905 
24 4107 7277 9202 1557 7477 4493 6041 2319 5394 1042 2991 4237 9295 9957 4524 3902 1124 5128 1259 4928 2936 7688 3903 
21 935 7152 2706 2852 4031 987 9000 1181 8516 9498 6157 3959 7646 3013 9966 581 7419 8809 5198 763 
19 6069 2245 1723 9795 5428 8037 7901 7785 6247 2291 9972 2645 458 7094 4915 6478 8997 1131 
22 8133 9002 3616 9511 6652 7698 1250 1583 5014 9612 2866 9699 9266 1974 291 5407 7300 5119 8884 8269 8113 
32 5663 6742 1729 8042 4171 1733 6969 3952 6672 9159 8988 2037 2565 3470 1235 3211 9240 2035 7620 9455 5946 5912 5328 8015 8636 6958 4994 8707 204 9635 8414 
10 3375 4520 6297 7754 5286 4974 4254 2450 2005 
17 3605 172 9512 1496 9429 1263 7811 6729 2044 1104 890 6374 7935 1029 9941 6243 
17 9254 4782 1102 8379 6213 9195 9923 2810 9858 865 952 397 7809 548 1614 6096 
19 4733 3680 5069 7759 7019 4656 7103 5915 9319 4117 1429 8746 1756 3808 5801 8755 3599 1130 
8 5566 9625 5012 753 6523 9364 8854 
20 1500 3615 290 5719 5107 354 4366 7414 6512 4625 2024 5453 9780 1827 3178 4881 4004 9181 7932 
13 7567 2992 3036 2059 9116 4585 4256 9962 8214 5400 4857 2346 
29 497 2663 6305 7912 9165 3675 6491 5356 1639 3210 5247 2938 6134 8576 8673 8428 1603 8911 8776 5910 4513 5644 5162 9212 2968 3576 8152 9484 
17 2934 1685 225 6078 7595 5702 821 9729 3054 5124 8605 2656 3922 2606 2329 5606 
23 511 381 2952 6026 8671 4065 3163 8026 3078 5506 6301 9331 4322 2195 9973 6055 6105 5657 9961 1285 5044 7039 
30 9634 9179 7692 1565 2453 3465 4163 779 9724 6728 2506 3173 173 2398 7790 9447 3660 3497 1440 8887 6468 4797 148 451 2113 2158 6853 2880 3825 
9 830 5351 8034 2686 8306 7719 4951 6417 
24 8219 7884 2207 6023 4355 9812 3691 4561 9284 1934 257 5763 8064 4952 5270 1490 3957 8455 5845 9007 7087 2069 8569 
27 483 3220 572 552 6809 5045 2072 1746 97 8815 5650 1165 2841 9490 4336 3351 8592 8944 2965 1704 1673 4632 6046 8885 7338 26 
29 3783 7710 660 7479 1256 1910 4555 352 3524 9574 4786 5941 5104 77 5271 386 6262 7046 3363 7736 5264 8765 7617 9875 7526 2249 7751 8517 
2 656 
3 7444 8875 
26 3972 7685 1222 8955 7191 643 6593 1245 7920 2835 9758 7856 692 889 1736 5518 628 3814 1219 9350 4859 6976 3283 4354 1473 
28 6498 152 422 5853 5584 5783 4328 6009 9082 9272 1330 3894 6862 3796 6436 4634 3981 5481 973 4082 7280 1991 2579 8724 1758 9781 9448 
18 266 2352 6825 3729 9148 6522 9032 7589 7538 7652 4676 2347 1659 366 927 6869 1091 
22 3398 9497 415 2809 5433 2281 319 1470 7672 2959 1907 9748 1918 6668 6646 4108 1506 7218 8389 5318 4286 
29 9164 7190 8194 8353 8804 3434 5100 5160 8494 4372 3182 1681 8148 5023 2861 7949 6171 3844 9594 6320 5072 7084 4061 7833 5150 9145 401 6348 
15 9314 8445 2171 1480 3746 1598 6713 8571 3837 1479 6994 430 4145 1038 
20 6575 3663 8742 9737 4249 4617 7145 353 7503 9547 8906 3508 7930 9597 6302 7836 9895 424 9178 
14 32 8173 7808 3232 1922 788 4631 5922 7973 3031 3533 7257 6559 
12 4658 8995 1023 6972 7199 5863 9423 1426 9986 6631 6534 
13 5539 7663 380 990 8945 4270 254 1590 7684 6999 443 8964 
32 3047 5601 2999 3958 6182 5866 2464 9288 3466 7712 6571 6064 7529 7389 6240 5952 4478 3628 6204 6469 8491 6510 7514 2043 9008 2855 1442 3687 8959 6339 6507 
4 3270 5187 5091 
7 5503 7494 4986 1381 3297 3705 
13 378 9617 2781 3493 374 1436 382 7630 2670 4567 7871 8553 
10 9477 4544 9209 1169 4356 7309 1176 2802 280 
13 2181 6814 92 7263 9948 3482 9912 6737 8188 1199 293 7782 
29 8831 992 7922 4021 3326 8652 1902 9992 3393 6235 754 9213 52 2505 8917 8284 8335 8202 2237 9501 9808 7051 6881 4702 3928 4160 3929 906 
3 8071 4390 
17 6119 7438 233 3788 5164 2752 5085 1964 5796 5468 5354 9210 8130 4242 8327 5077 
17 4704 1349 8665 1110 7730 3851 6925 2901 3862 7274 9230 6868 5614 9386 6838 2358 
15 4205 5695 9127 9019 9519 4998 5202 7839 3627 8008 8454 8255 5253 6890 
28 4914 1294 2930 7162 7344 8272 5123 2630 3625 3328 6940 6149 6556 4235 9839 9835 3511 593 4743 721 8457 6022 8333 1820 7238 5458 5931 
7 2180 5344 3117 1979 2234 3341 
12 4659 3169 8485 2661 9632 4709 3534 2667 8616 7425 5484 
12 2178 8118 8938 3949 2122 9478 5094 7298 2931 1463 7542 
23 1046 2527 4605 8956 5700 387 9983 4248 4121 1551 232 863 5292 6129 3548 9984 2836 9371 4563 4886 5661 3745 
19 4139 5287 7448 6359 2543 2969 8259 6281 5166 8851 9440 5496 7012 8305 4187 6017 958 1753 
14 376 475 8806 3839 4776 5323 2602 8220 5880 3436 7805 8446 2960 
32 8236 6537 3057 4792 4130 5847 516 9300 7724 5473 9641 3784 8764 2994 5301 450 3963 4096 6488 1743 5778 574 6175 5056 2149 1822 7721 6499 3749 6933 9637 
15 241 896 704 7134 9481 6930 91 3673 897 7120 6591 6217 3856 5774 
27 4318 2776 6871 6893 141 2979 659 5256 463 6081 2241 2771 3714 4244 8288 4012 5217 5365 8056 1905 3914 9522 9024 1347 6795 1306 
17 9037 646 2665 9570 843 9151 6907 8018 6926 3121 7715 112 5780 5616 9749 4142 
11 986 4595 5576 6962 6566 8125 2680 4204 4443 8974 
23 1845 9475 7135 8695 7150 196 7222 4988 9388 537 8325 9233 9863 3738 3440 1405 3192 2701 5191 5728 5767 1445 
2 7253 
24 5751 8555 6805 6832 979 8876 5310 543 8987 6604 2407 8697 1476 551 5945 192 2801 1954 6611 6524 3063 6351 9878 
12 4854 6698 1745 649 9228 872 9642 7181 8409 4049 9747 
22 6101 3778 9070 5070 4924 7220 83 6389 1525 50 5966 8763 3336 743 9883 8387 9726 3941 5429 2697 8722 
16 8112 9761 4913 178 2900 8984 9694 7231 3498 7440 6898 2777 7960 3610 2804 
27 169 9410 633 711 2115 1504 2315 575 2479 4279 4549 2560 4486 6130 4114 9621 2918 9643 1740 9893 1238 5754 8663 1495 7969 8371 
13 1079 1319 8975 964 8295 6941 3151 8735 3920 5148 3229 7204 
13 2217 2160 6784 494 8023 7764 2846 1338 5523 8009 6678 1119 
25 1215 9134 8970 967 7493 9684 7515 3127 4499 2040 9378 8334 5052 9665 6988 9663 6099 3872 182 9365 2638 1120 9711 3836 
18 3435 5766 1441 6484 9054 2989 5154 3027 8933 2025 1711 5133 4923 4222 7596 4740 3449 
13 5628 1494 9505 871 7407 4456 6642 2648 7394 686 7560 6692 
12 2473 9044 6276 2030 3834 522 7623 9312 5867 3633 2806 
14 5375 2613 5409 3694 7778 1695 9760 6108 322 7073 4275 3586 4091 
24 3190 9546 9394 2790 1943 5567 1710 4699 2417 3454 5314 433 9506 8127 9113 6661 1253 7421 7835 6015 3455 5900 7758 
11 8642 300 629 7548 6367 886 4111 2972 9208 4628 
12 7245 4713 6716 7516 6013 1061 1940 9745 5461 4577 3545 
13 2696 2919 4034 691 826 2640 4756 1051 6680 6042 3429 2068 
12 9068 3122 6197 1785 4367 8528 5467 7035 8943 3652 6242 
20 6643 9842 5238 4195 2290 7931 6865 7361 9001 5768 5097 594 9293 591 8531 5938 4619 4514 6557 
20 6967 4744 6850 6391 5105 3277 9894 3438 1468 6906 2889 3806 3296 2987 3998 8443 9390 2103 8879 
27 8176 6407 7693 542 7422 4594 7614 618 1396 484 1612 887 9348 9299 2631 1656 6211 5740 9542 5469 7540 3238 8666 535 6964 980 
24 9645 2110 4784 7822 4213 395 7750 808 2051 1069 7510 7536 8318 7549 2569 7033 5215 9683 8386 9932 4122 3111 3791 
11 6639 156 5994 7508 9073 7122 7343 7968 2251 5953 
23 1613 1475 9031 599 8339 2710 4942 7363 8172 6459 7942 8215 1334 5207 4611 6546 2185 6317 4680 4556 3514 3097 
14 921 4006 5965 6653 7447 2367 8411 7559 9936 3448 8282 6266 1732 
16 2385 1511 3785 8263 8103 1891 7164 1016 5739 538 2532 8241 8045 6797 7439 
22 9564 5405 578 8827 4491 2048 1012 5464 9658 3323 1965 6554 569 264 4174 2022 7821 7427 51 4606 4542 
23 3775 5622 2220 5835 4642 9141 5305 4394 1679 1328 7217 7802 3161 5321 2344 747 9775 9446 7739 4418 794 8797 
12 6570 9466 4477 2702 2248 15 9968 6038 7680 6620 8460 
23 5837 1864 3469 7941 5001 1317 3501 4912 1420 7543 972 5016 8732 1554 3056 7852 3217 4861 8384 9669 3716 1633 
14 5169 1458 847 4113 4125 3077 894 6102 4608 1657 9142 3761 5396 
12 6132 2675 7564 5824 1364 2045 2874 7525 7384 6799 3293 
10 2126 5193 9346 486 8451 7144 2698 5248 9719 
23 8190 4089 9655 4858 7903 1459 693 359 6629 7507 2950 4708 1103 110 7023 6791 5834 652 9059 3863 6311 8332 
24 4966 6422 7988 8239 586 5959 4690 2765 7626 7072 4272 7195 7262 6449 6440 4610 4462 5322 3113 6624 8337 391 2238 
16 4344 7456 3621 6218 2948 8099 3007 5552 2179 3747 3395 1145 3598 4748 1241 
23 1968 81 1942 6579 1532 8610 776 1946 2084 8662 8687 6043 8839 914 7480 3804 5275 1481 6895 954 7597 6322 
17 2578 4331 7576 4879 9357 7037 9441 4209 2498 78 5278 42 8845 3890 5950 2255 
27 3513 4696 1862 459 252 3450 6864 7727 2740 8544 8470 3234 5000 3908 8914 6726 4916 3815 2054 1144 1379 2886 160 8336 8838 2152 
22 7171 8737 3373 5899 7501 833 8004 5537 1310 2837 3308 7720 5139 5195 1574 9041 2759 1760 5673 5787 5147 
23 4664 2260 9156 2467 8257 8814 9321 6883 1772 8017 7486 8844 7461 6344 2001 3143 9994 2094 3571 1602 1652 7138 
23 3364 2377 8028 9160 7830 2504 214 4547 4651 4076 37 4362 4472 4627 7539 5320 5831 5960 2847 1701 2410 1150 
27 5579 9133 6882 4775 9167 724 8760 8656 7552 733 4423 803 4330 7887 801 5921 2575 3582 1361 8859 4670 7544 2027 8647 5505 176 
24 9846 4300 7837 6587 8631 2374 215 6120 584 1444 5220 4878 4960 6588 1616 6852 3034 2222 9057 3162 9427 13 6665 
13 775 8719 5081 727 8570 5669 6187 246 7151 7985 1115 3313 
9 177 1109 3867 9928 6657 9368 235 4892 
15 8378 5713 5962 2292 6909 7078 7075 2349 9204 6973 6555 5633 9311 899 
12 1189 1620 4623 8968 7951 3522 9792 5588 2785 2276 1510 
12 64 7118 4838 4527 63 3597 2517 460 8999 6145 3671 
10 403 444 1912 8373 1539 1834 8661 1320 5590 
26 2652 4552 5792 8266 365 3731 9361 1461 1008 8495 6486 1197 7806 929 1125 3953 4182 4468 8142 6209 937 1611 5436 4416 2926 
27 2797 175 1309 9720 3646 8316 5306 4365 4060 1747 385 4360 6777 3039 1298 7819 6083 6841 9091 7160 5345 9468 1552 7669 4977 7057 
19 9731 7445 1896 7794 1271 1692 377 379 9055 3187 1933 4572 8931 4097 3727 5003 9770 900 
24 6971 6188 3133 8296 7984 6379 5163 624 2546 6897 8258 1485 261 7076 7979 4151 6233 6754 6599 6766 9076 5460 1149 
26 9836 7569 2164 1193 6437 4832 1041 7735 2396 2943 2190 7797 2093 570 6328 6117 3803 5641 750 3179 9206 5368 7437 9396 9227 
20 6172 8694 6677 2439 3877 8960 2129 991 9718 4964 2672 9096 8811 2050 5151 9051 3287 3109 5705 
21 5116 3622 8782 8300 5933 5603 4682 7021 3674 1050 909 125 4025 5997 351 7031 5204 1400 6249 8044 
24 1081 8869 9077 4653 4314 9474 8067 4106 6974 1666 2350 6937 5421 7326 2871 8977 9953 960 8180 5750 9567 8561 5294 
10 7555 8510 1799 8743 8767 1394 9358 1789 558 
16 876 4989 1790 4734 4711 4851 3574 6833 5529 3997 2789 8729 2632 1073 8076 
24 553 8953 8644 9881 1521 130 6848 2722 9224 1389 6312 1229 8734 8689 4956 609 9660 5239 6867 5591 1147 1204 7405 
16 7762 2558 8820 3722 2805 285 714 3505 9534 647 7919 2811 8380 75 5121 
2 1160 
23 4724 3203 7048 6121 1924 9823 3295 6939 4718 5379 9939 8471 9788 9122 4765 9491 191 2310 3529 6539 6032 6124 
24 9809 9975 5995 7894 7998 9838 3231 1466 1314 4621 3935 4102 2590 4500 5898 7571 4674 6796 2779 73 438 6993 3107 
22 5087 9896 1791 202 2228 9328 8545 5527 9403 6622 7130 9009 9551 7997 1021 1234 6088 6354 4723 1549 5280 
4 7457 8075 76 
7 2275 7613 1536 4649 1764 784 
11 9249 8031 8299 5612 5115 6500 6569 1966 3033 59 
23 9952 147 523 4206 138 7490 9420 405 2854 5171 723 9337 426 9959 2545 3600 5075 4315 9714 9552 5474 4189 
8 8996 4981 9433 561 4845 7506 5334 
23 7066 1299 9687 7091 1715 7009 3919 1469 4597 9844 2763 5357 7431 478 9201 1059 5752 3422 2592 4216 764 3043 
18 4045 5809 1188 355 2151 7296 3339 8863 6406 3805 7125 6071 5589 4230 4408 4726 2593 
13 5861 1220 6067 3584 2921 4689 6463 5342 3405 4918 2010 220 
21 1412 2415 5684 793 7900 6915 6824 8745 2611 8297 8643 1765 4380 885 7029 140 1398 5683 983 5631 
10 461 3230 7258 9580 5431 3327 5978 5390 1887 
13 6476 934 4353 310 5594 3303 3094 7297 9269 488 5688 1043 
4 8506 7609 3999 
22 7629 5064 3269 8976 2153 1198 4535 2793 4789 4730 5851 1270 7892 1782 9802 4261 1599 635 8168 4545 6840 
20 949 9817 7691 3547 1875 384 6072 573 5822 1621 7412 7717 5613 1014 5233 8043 307 6978 4103 
13 1101 462 3157 6751 193 6885 9270 3752 4440 5522 8627 283 
24 9027 2477 4046 4167 7689 8105 7587 9816 1513 7403 8115 9435 1358 3801 9437 5035 9169 8712 1141 9339 1928 8260 2597 
2 6098 
12 8062 4528 4934 2120 8683 9521 4267 6445 7307 2227 1006 
17 1779 3798 3751 4810 8954 7598 7201 7584 6532 5118 8619 2354 8677 1454 1195 9123 
21 4834 9370 7334 249 9571 5958 9651 7635 1457 6561 207 9877 860 4226 5015 2730 5149 6401 2819 8001 
16 8686 8798 7987 4654 8748 8750 3763 8049 467 4681 3777 9029 2522 8634 752 
17 1257 3421 2907 4937 3213 6205 2956 2299 363 6947 5509 8066 8473 8849 9301 7742 
21 4105 4907 8620 5658 5904 9470 6137 7982 7299 2295 6126 3142 3118 8381 2911 2028 1158 4126 1127 7722 
25 2867 1348 1589 65 7793 8293 6617 4890 7273 2274 4571 6219 2029 4954 2459 8651 4169 4463 1133 7038 755 3733 8552 7766 
5 4969 3228 7045 1930 
23 5550 550 3845 9264 8212 6982 1275 1876 5729 7418 5558 3756 6763 2685 6511 7947 9336 2157 2683 9198 2148 1055 
19 7143 8072 8551 2694 5929 5360 1493 1566 5168 9310 9905 6010 3131 1044 6914 9461 7869 1923 
20 5632 3044 4772 2863 2229 4067 9175 8526 2584 3365 5019 765 8756 7859 4945 6623 411 3591 5682 
24 5009 6746 3710 3425 4821 4159 9460 9442 2526 963 399 7179 2263 6371 6525 3481 3728 197 5609 7977 5814 9977 5536 
21 2515 2107 7234 7843 216 7872 9862 760 2971 7865 2437 5231 6100 7308 3831 6731 7126 8923 4823 7611 
16 3735 9238 3372 10 7707 9153 5852 4710 6256 8393 3352 2490 2125 2337 2289 
6 4247 6426 9038 4014 8688 
18 8014 4062 7654 9015 9790 2958 8793 1816 9389 7242 9713 2204 3041 4504 6073 1137 5265 
1 
21 4895 9268 3314 6345 2713 4266 2501 4489 7007 4487 1761 3130 1810 6376 1450 4370 6660 829 1296 5392 
10 8413 5709 2359 3828 7124 1094 4148 7050 9664 
16 3146 7415 4224 5725 90 8883 9092 4351 3473 3841 213 6490 9904 3096 8356 
5 5967 6562 1844 6152 
9 6333 2021 3699 6683 5862 1163 4373 3668 
22 5465 2082 3216 5083 275 9629 6375 3561 4217 7752 4692 6577 7443 8639 785 3835 2114 1987 4193 4728 1088 
7 2412 8264 3252 2144 6702 3712 
3 1376 8319 
22 4677 9526 1045 8826 4085 6203 6769 2284 8360 2256 6552 9565 9588 468 4548 4146 5949 936 6573 6257 1547 
19 5782 893 7004 9593 8136 6366 3672 2990 6332 186 4809 815 346 7775 7279 8347 8577 6107 
19 6161 1393 8225 3476 2859 6298 2700 3967 6938 8250 2478 1975 6508 2136 7828 8522 4900 1642 
6 7207 342 2191 7285 22 
22 799 2468 6743 3847 453 5210 4323 634 3061 5336 7908 470 1026 6323 6051 2679 7481 3480 472 2312 6271 
18 3394 1392 6699 8492 6722 1604 8432 7142 968 1754 8472 4252 7705 3923 7818 2032 8870 
17 4302 857 8326 8705 6861 6061 6114 2242 1989 5327 8754 4943 6691 2865 1586 8226 
11 6393 7392 4515 6920 4722 6816 9774 9163 449 7015 
20 8801 4072 6085 6708 1065 9592 600 5530 9261 4562 4737 2876 999 9154 5812 598 4506 9970 4319 
21 8664 9859 9584 1774 6292 3221 9247 3893 2762 6859 3406 6077 4975 2199 9351 5 1793 1390 2583 2098 
